<?xml version="1.0" encoding="UTF-8"?>
<testng-results skipped="0" failed="0" ignored="0" total="2" passed="2">
  <reporter-output>
  </reporter-output>
  <suite name="Default suite" duration-ms="29106" started-at="2020-03-26T11:54:32 BRT" finished-at="2020-03-26T11:55:01 BRT">
    <groups>
    </groups>
    <test name="Default test" duration-ms="29106" started-at="2020-03-26T11:54:32 BRT" finished-at="2020-03-26T11:55:01 BRT">
      <class name="br.com.rsinet.hub.tdd.test.RealizarLogin">
        <test-method status="PASS" signature="Inicializar()[pri:0, instance:br.com.rsinet.hub.tdd.test.RealizarLogin@30b8a058]" name="Inicializar" is-config="true" duration-ms="12446" started-at="2020-03-26T11:54:32 BRT" finished-at="2020-03-26T11:54:45 BRT">
          <reporter-output>
          </reporter-output>
        </test-method> <!-- Inicializar -->
        <test-method status="PASS" signature="realizarLoginFalha()[pri:0, instance:br.com.rsinet.hub.tdd.test.RealizarLogin@30b8a058]" name="realizarLoginFalha" duration-ms="2141" started-at="2020-03-26T11:54:45 BRT" finished-at="2020-03-26T11:54:47 BRT">
          <reporter-output>
          </reporter-output>
        </test-method> <!-- realizarLoginFalha -->
        <test-method status="PASS" signature="Fechar()[pri:0, instance:br.com.rsinet.hub.tdd.test.RealizarLogin@30b8a058]" name="Fechar" is-config="true" duration-ms="604" started-at="2020-03-26T11:54:47 BRT" finished-at="2020-03-26T11:54:47 BRT">
          <reporter-output>
          </reporter-output>
        </test-method> <!-- Fechar -->
        <test-method status="PASS" signature="Inicializar()[pri:0, instance:br.com.rsinet.hub.tdd.test.RealizarLogin@30b8a058]" name="Inicializar" is-config="true" duration-ms="11213" started-at="2020-03-26T11:54:47 BRT" finished-at="2020-03-26T11:54:59 BRT">
          <reporter-output>
          </reporter-output>
        </test-method> <!-- Inicializar -->
        <test-method status="PASS" signature="realizarLoginSucesso()[pri:0, instance:br.com.rsinet.hub.tdd.test.RealizarLogin@30b8a058]" name="realizarLoginSucesso" duration-ms="2059" started-at="2020-03-26T11:54:59 BRT" finished-at="2020-03-26T11:55:01 BRT">
          <reporter-output>
          </reporter-output>
        </test-method> <!-- realizarLoginSucesso -->
        <test-method status="PASS" signature="Fechar()[pri:0, instance:br.com.rsinet.hub.tdd.test.RealizarLogin@30b8a058]" name="Fechar" is-config="true" duration-ms="608" started-at="2020-03-26T11:55:01 BRT" finished-at="2020-03-26T11:55:01 BRT">
          <reporter-output>
          </reporter-output>
        </test-method> <!-- Fechar -->
      </class> <!-- br.com.rsinet.hub.tdd.test.RealizarLogin -->
    </test> <!-- Default test -->
  </suite> <!-- Default suite -->
</testng-results>
