<?xml version="1.0" encoding="UTF-8"?>
<testng-results skipped="0" failed="1" ignored="0" total="1" passed="0">
  <reporter-output>
  </reporter-output>
  <suite name="Default suite" duration-ms="14641" started-at="2020-03-24T16:17:20 BRT" finished-at="2020-03-24T16:17:34 BRT">
    <groups>
    </groups>
    <test name="Default test" duration-ms="14641" started-at="2020-03-24T16:17:20 BRT" finished-at="2020-03-24T16:17:34 BRT">
      <class name="br.com.rsinet.hub.tdd.test.RealizarLogin">
        <test-method status="PASS" signature="Inicializar()[pri:0, instance:br.com.rsinet.hub.tdd.test.RealizarLogin@5e853265]" name="Inicializar" is-config="true" duration-ms="11548" started-at="2020-03-24T16:17:20 BRT" finished-at="2020-03-24T16:17:31 BRT">
          <reporter-output>
          </reporter-output>
        </test-method> <!-- Inicializar -->
        <test-method status="FAIL" signature="realizarLoginSucesso()[pri:0, instance:br.com.rsinet.hub.tdd.test.RealizarLogin@5e853265]" name="realizarLoginSucesso" duration-ms="2448" started-at="2020-03-24T16:17:31 BRT" finished-at="2020-03-24T16:17:34 BRT">
          <exception class="java.lang.AssertionError">
            <message>
              <![CDATA[expected [usuario] but found [Usuario]]]>
            </message>
            <full-stacktrace>
              <![CDATA[java.lang.AssertionError: expected [usuario] but found [Usuario]
at org.testng.Assert.fail(Assert.java:97)
at org.testng.Assert.assertEqualsImpl(Assert.java:136)
at org.testng.Assert.assertEquals(Assert.java:118)
at org.testng.Assert.assertEquals(Assert.java:575)
at org.testng.Assert.assertEquals(Assert.java:585)
at br.com.rsinet.hub.tdd.test.RealizarLogin.realizarLoginSucesso(RealizarLogin.java:43)
at sun.reflect.NativeMethodAccessorImpl.invoke0(Native Method)
at sun.reflect.NativeMethodAccessorImpl.invoke(Unknown Source)
at sun.reflect.DelegatingMethodAccessorImpl.invoke(Unknown Source)
at java.lang.reflect.Method.invoke(Unknown Source)
at org.testng.internal.MethodInvocationHelper.invokeMethod(MethodInvocationHelper.java:134)
at org.testng.internal.TestInvoker.invokeMethod(TestInvoker.java:597)
at org.testng.internal.TestInvoker.invokeTestMethod(TestInvoker.java:173)
at org.testng.internal.MethodRunner.runInSequence(MethodRunner.java:46)
at org.testng.internal.TestInvoker$MethodInvocationAgent.invoke(TestInvoker.java:816)
at org.testng.internal.TestInvoker.invokeTestMethods(TestInvoker.java:146)
at org.testng.internal.TestMethodWorker.invokeTestMethods(TestMethodWorker.java:146)
at org.testng.internal.TestMethodWorker.run(TestMethodWorker.java:128)
at java.util.ArrayList.forEach(Unknown Source)
at org.testng.TestRunner.privateRun(TestRunner.java:766)
at org.testng.TestRunner.run(TestRunner.java:587)
at org.testng.SuiteRunner.runTest(SuiteRunner.java:384)
at org.testng.SuiteRunner.runSequentially(SuiteRunner.java:378)
at org.testng.SuiteRunner.privateRun(SuiteRunner.java:337)
at org.testng.SuiteRunner.run(SuiteRunner.java:286)
at org.testng.SuiteRunnerWorker.runSuite(SuiteRunnerWorker.java:53)
at org.testng.SuiteRunnerWorker.run(SuiteRunnerWorker.java:96)
at org.testng.TestNG.runSuitesSequentially(TestNG.java:1187)
at org.testng.TestNG.runSuitesLocally(TestNG.java:1109)
at org.testng.TestNG.runSuites(TestNG.java:1039)
at org.testng.TestNG.run(TestNG.java:1007)
at org.testng.remote.AbstractRemoteTestNG.run(AbstractRemoteTestNG.java:115)
at org.testng.remote.RemoteTestNG.initAndRun(RemoteTestNG.java:251)
at org.testng.remote.RemoteTestNG.main(RemoteTestNG.java:77)
]]>
            </full-stacktrace>
          </exception> <!-- java.lang.AssertionError -->
          <reporter-output>
          </reporter-output>
        </test-method> <!-- realizarLoginSucesso -->
        <test-method status="PASS" signature="Fechar()[pri:0, instance:br.com.rsinet.hub.tdd.test.RealizarLogin@5e853265]" name="Fechar" is-config="true" duration-ms="615" started-at="2020-03-24T16:17:34 BRT" finished-at="2020-03-24T16:17:34 BRT">
          <reporter-output>
          </reporter-output>
        </test-method> <!-- Fechar -->
      </class> <!-- br.com.rsinet.hub.tdd.test.RealizarLogin -->
    </test> <!-- Default test -->
  </suite> <!-- Default suite -->
</testng-results>
